running egg_info
writing build/traveler_optitrack/traveler_optitrack.egg-info/PKG-INFO
writing dependency_links to build/traveler_optitrack/traveler_optitrack.egg-info/dependency_links.txt
writing entry points to build/traveler_optitrack/traveler_optitrack.egg-info/entry_points.txt
writing requirements to build/traveler_optitrack/traveler_optitrack.egg-info/requires.txt
writing top-level names to build/traveler_optitrack/traveler_optitrack.egg-info/top_level.txt
reading manifest file 'build/traveler_optitrack/traveler_optitrack.egg-info/SOURCES.txt'
writing manifest file 'build/traveler_optitrack/traveler_optitrack.egg-info/SOURCES.txt'
running build
running build_py
copying traveler_optitrack/traveler_optitrack.py -> /home/qianlab/Turtle_workspace/lassie-turtle/highlevel/traveler_optitrack/build/traveler_optitrack/build/lib/traveler_optitrack
running install
running install_lib
copying /home/qianlab/Turtle_workspace/lassie-turtle/highlevel/traveler_optitrack/build/traveler_optitrack/build/lib/traveler_optitrack/traveler_optitrack.py -> /home/qianlab/Turtle_workspace/lassie-turtle/highlevel/traveler_optitrack/install/traveler_optitrack/lib/python3.8/site-packages/traveler_optitrack
byte-compiling /home/qianlab/Turtle_workspace/lassie-turtle/highlevel/traveler_optitrack/install/traveler_optitrack/lib/python3.8/site-packages/traveler_optitrack/traveler_optitrack.py to traveler_optitrack.cpython-38.pyc
running install_data
running install_egg_info
removing '/home/qianlab/Turtle_workspace/lassie-turtle/highlevel/traveler_optitrack/install/traveler_optitrack/lib/python3.8/site-packages/traveler_optitrack-0.0.0-py3.8.egg-info' (and everything under it)
Copying build/traveler_optitrack/traveler_optitrack.egg-info to /home/qianlab/Turtle_workspace/lassie-turtle/highlevel/traveler_optitrack/install/traveler_optitrack/lib/python3.8/site-packages/traveler_optitrack-0.0.0-py3.8.egg-info
running install_scripts
Installing traveler_optitrack script to /home/qianlab/Turtle_workspace/lassie-turtle/highlevel/traveler_optitrack/install/traveler_optitrack/lib/traveler_optitrack
writing list of installed files to '/home/qianlab/Turtle_workspace/lassie-turtle/highlevel/traveler_optitrack/build/traveler_optitrack/install.log'
