[0.571s] Invoking command in '/home/qianlab/Turtle_workspace/lassie-turtle/highlevel/traveler_optitrack': PYTHONPATH=/home/qianlab/Turtle_workspace/lassie-turtle/highlevel/traveler_optitrack/build/traveler_optitrack/prefix_override:/home/qianlab/Turtle_workspace/lassie-turtle/highlevel/traveler_optitrack/install/traveler_optitrack/lib/python3.8/site-packages:${PYTHONPATH} /usr/bin/python3 setup.py egg_info --egg-base build/traveler_optitrack build --build-base /home/qianlab/Turtle_workspace/lassie-turtle/highlevel/traveler_optitrack/build/traveler_optitrack/build install --record /home/qianlab/Turtle_workspace/lassie-turtle/highlevel/traveler_optitrack/build/traveler_optitrack/install.log --install-scripts $base/lib/traveler_optitrack --single-version-externally-managed
[0.688s] running egg_info
[0.688s] writing build/traveler_optitrack/traveler_optitrack.egg-info/PKG-INFO
[0.689s] writing dependency_links to build/traveler_optitrack/traveler_optitrack.egg-info/dependency_links.txt
[0.689s] writing entry points to build/traveler_optitrack/traveler_optitrack.egg-info/entry_points.txt
[0.689s] writing requirements to build/traveler_optitrack/traveler_optitrack.egg-info/requires.txt
[0.689s] writing top-level names to build/traveler_optitrack/traveler_optitrack.egg-info/top_level.txt
[0.707s] reading manifest file 'build/traveler_optitrack/traveler_optitrack.egg-info/SOURCES.txt'
[0.708s] writing manifest file 'build/traveler_optitrack/traveler_optitrack.egg-info/SOURCES.txt'
[0.708s] running build
[0.708s] running build_py
[0.708s] copying traveler_optitrack/traveler_optitrack.py -> /home/qianlab/Turtle_workspace/lassie-turtle/highlevel/traveler_optitrack/build/traveler_optitrack/build/lib/traveler_optitrack
[0.708s] running install
[0.709s] running install_lib
[0.709s] copying /home/qianlab/Turtle_workspace/lassie-turtle/highlevel/traveler_optitrack/build/traveler_optitrack/build/lib/traveler_optitrack/traveler_optitrack.py -> /home/qianlab/Turtle_workspace/lassie-turtle/highlevel/traveler_optitrack/install/traveler_optitrack/lib/python3.8/site-packages/traveler_optitrack
[0.709s] byte-compiling /home/qianlab/Turtle_workspace/lassie-turtle/highlevel/traveler_optitrack/install/traveler_optitrack/lib/python3.8/site-packages/traveler_optitrack/traveler_optitrack.py to traveler_optitrack.cpython-38.pyc
[0.711s] running install_data
[0.711s] running install_egg_info
[0.712s] removing '/home/qianlab/Turtle_workspace/lassie-turtle/highlevel/traveler_optitrack/install/traveler_optitrack/lib/python3.8/site-packages/traveler_optitrack-0.0.0-py3.8.egg-info' (and everything under it)
[0.712s] Copying build/traveler_optitrack/traveler_optitrack.egg-info to /home/qianlab/Turtle_workspace/lassie-turtle/highlevel/traveler_optitrack/install/traveler_optitrack/lib/python3.8/site-packages/traveler_optitrack-0.0.0-py3.8.egg-info
[0.712s] running install_scripts
[0.723s] Installing traveler_optitrack script to /home/qianlab/Turtle_workspace/lassie-turtle/highlevel/traveler_optitrack/install/traveler_optitrack/lib/traveler_optitrack
[0.723s] writing list of installed files to '/home/qianlab/Turtle_workspace/lassie-turtle/highlevel/traveler_optitrack/build/traveler_optitrack/install.log'
[0.738s] Invoked command in '/home/qianlab/Turtle_workspace/lassie-turtle/highlevel/traveler_optitrack' returned '0': PYTHONPATH=/home/qianlab/Turtle_workspace/lassie-turtle/highlevel/traveler_optitrack/build/traveler_optitrack/prefix_override:/home/qianlab/Turtle_workspace/lassie-turtle/highlevel/traveler_optitrack/install/traveler_optitrack/lib/python3.8/site-packages:${PYTHONPATH} /usr/bin/python3 setup.py egg_info --egg-base build/traveler_optitrack build --build-base /home/qianlab/Turtle_workspace/lassie-turtle/highlevel/traveler_optitrack/build/traveler_optitrack/build install --record /home/qianlab/Turtle_workspace/lassie-turtle/highlevel/traveler_optitrack/build/traveler_optitrack/install.log --install-scripts $base/lib/traveler_optitrack --single-version-externally-managed
