running egg_info
creating build/traveler_optitrack/traveler_optitrack.egg-info
writing build/traveler_optitrack/traveler_optitrack.egg-info/PKG-INFO
writing dependency_links to build/traveler_optitrack/traveler_optitrack.egg-info/dependency_links.txt
writing entry points to build/traveler_optitrack/traveler_optitrack.egg-info/entry_points.txt
writing requirements to build/traveler_optitrack/traveler_optitrack.egg-info/requires.txt
writing top-level names to build/traveler_optitrack/traveler_optitrack.egg-info/top_level.txt
writing manifest file 'build/traveler_optitrack/traveler_optitrack.egg-info/SOURCES.txt'
reading manifest file 'build/traveler_optitrack/traveler_optitrack.egg-info/SOURCES.txt'
writing manifest file 'build/traveler_optitrack/traveler_optitrack.egg-info/SOURCES.txt'
running build
running build_py
creating /home/qianlab/Turtle_workspace/lassie-turtle/highlevel/traveler_optitrack/build/traveler_optitrack/build
creating /home/qianlab/Turtle_workspace/lassie-turtle/highlevel/traveler_optitrack/build/traveler_optitrack/build/lib
creating /home/qianlab/Turtle_workspace/lassie-turtle/highlevel/traveler_optitrack/build/traveler_optitrack/build/lib/traveler_optitrack
copying traveler_optitrack/traveler_optitrack.py -> /home/qianlab/Turtle_workspace/lassie-turtle/highlevel/traveler_optitrack/build/traveler_optitrack/build/lib/traveler_optitrack
copying traveler_optitrack/import socket.py -> /home/qianlab/Turtle_workspace/lassie-turtle/highlevel/traveler_optitrack/build/traveler_optitrack/build/lib/traveler_optitrack
copying traveler_optitrack/__init__.py -> /home/qianlab/Turtle_workspace/lassie-turtle/highlevel/traveler_optitrack/build/traveler_optitrack/build/lib/traveler_optitrack
running install
running install_lib
creating /home/qianlab/Turtle_workspace/lassie-turtle/highlevel/traveler_optitrack/install/traveler_optitrack/lib/python3.8/site-packages/traveler_optitrack
copying /home/qianlab/Turtle_workspace/lassie-turtle/highlevel/traveler_optitrack/build/traveler_optitrack/build/lib/traveler_optitrack/traveler_optitrack.py -> /home/qianlab/Turtle_workspace/lassie-turtle/highlevel/traveler_optitrack/install/traveler_optitrack/lib/python3.8/site-packages/traveler_optitrack
copying /home/qianlab/Turtle_workspace/lassie-turtle/highlevel/traveler_optitrack/build/traveler_optitrack/build/lib/traveler_optitrack/import socket.py -> /home/qianlab/Turtle_workspace/lassie-turtle/highlevel/traveler_optitrack/install/traveler_optitrack/lib/python3.8/site-packages/traveler_optitrack
copying /home/qianlab/Turtle_workspace/lassie-turtle/highlevel/traveler_optitrack/build/traveler_optitrack/build/lib/traveler_optitrack/__init__.py -> /home/qianlab/Turtle_workspace/lassie-turtle/highlevel/traveler_optitrack/install/traveler_optitrack/lib/python3.8/site-packages/traveler_optitrack
byte-compiling /home/qianlab/Turtle_workspace/lassie-turtle/highlevel/traveler_optitrack/install/traveler_optitrack/lib/python3.8/site-packages/traveler_optitrack/traveler_optitrack.py to traveler_optitrack.cpython-38.pyc
byte-compiling /home/qianlab/Turtle_workspace/lassie-turtle/highlevel/traveler_optitrack/install/traveler_optitrack/lib/python3.8/site-packages/traveler_optitrack/import socket.py to import socket.cpython-38.pyc
byte-compiling /home/qianlab/Turtle_workspace/lassie-turtle/highlevel/traveler_optitrack/install/traveler_optitrack/lib/python3.8/site-packages/traveler_optitrack/__init__.py to __init__.cpython-38.pyc
running install_data
creating /home/qianlab/Turtle_workspace/lassie-turtle/highlevel/traveler_optitrack/install/traveler_optitrack/share/ament_index
creating /home/qianlab/Turtle_workspace/lassie-turtle/highlevel/traveler_optitrack/install/traveler_optitrack/share/ament_index/resource_index
creating /home/qianlab/Turtle_workspace/lassie-turtle/highlevel/traveler_optitrack/install/traveler_optitrack/share/ament_index/resource_index/packages
copying resource/traveler_optitrack -> /home/qianlab/Turtle_workspace/lassie-turtle/highlevel/traveler_optitrack/install/traveler_optitrack/share/ament_index/resource_index/packages
copying package.xml -> /home/qianlab/Turtle_workspace/lassie-turtle/highlevel/traveler_optitrack/install/traveler_optitrack/share/traveler_optitrack
running install_egg_info
Copying build/traveler_optitrack/traveler_optitrack.egg-info to /home/qianlab/Turtle_workspace/lassie-turtle/highlevel/traveler_optitrack/install/traveler_optitrack/lib/python3.8/site-packages/traveler_optitrack-0.0.0-py3.8.egg-info
running install_scripts
Installing traveler_optitrack script to /home/qianlab/Turtle_workspace/lassie-turtle/highlevel/traveler_optitrack/install/traveler_optitrack/lib/traveler_optitrack
writing list of installed files to '/home/qianlab/Turtle_workspace/lassie-turtle/highlevel/traveler_optitrack/build/traveler_optitrack/install.log'
